
=INFO REPORT==== 1-Apr-2011::11:36:38 ===
"EUMSACLServer start!!!" 

=INFO REPORT==== 1-Apr-2011::11:36:38 ===
"ACL Lines: " [{"/",[],[],allow_access},
               {"/login",[],[],allow_access},
               {"/json/account",["admins"],[],allow_access_if},
               {"/json/contact",["admins"],[],allow_access_if}] 

=INFO REPORT==== 1-Apr-2011::11:36:54 ===
"Request:" "{\"commands\":[{\"type\":\"login\",\"login\":\"gtkadmin\",\"password\":\"main99\"}]}" 

=INFO REPORT==== 1-Apr-2011::11:36:55 ===
"Request JSON:" {struct,[{<<"commands">>,
                          [{struct,[{<<"type">>,<<"login">>},
                                    {<<"login">>,<<"gtkadmin">>},
                                    {<<"password">>,<<"main99">>}]}]}]} 

=INFO REPORT==== 1-Apr-2011::11:36:55 ===
"Commands found:" [{struct,[{<<"type">>,<<"login">>},
                            {<<"login">>,<<"gtkadmin">>},
                            {<<"password">>,<<"main99">>}]}] 

=INFO REPORT==== 1-Apr-2011::11:36:55 ===
"***LOGIN | Login:" "gtkadmin" "Password:" "main99" 

=INFO REPORT==== 1-Apr-2011::11:36:55 ===
"Login OK!!" 

=INFO REPORT==== 1-Apr-2011::11:36:55 ===
"Admin logged in." 

=INFO REPORT==== 1-Apr-2011::11:36:55 ===
"SAD: 1" 

=INFO REPORT==== 1-Apr-2011::11:36:55 ===
"SAD: 2" 

=INFO REPORT==== 1-Apr-2011::11:36:55 ===
"utils auth LOGIN OK" 

=INFO REPORT==== 1-Apr-2011::11:36:55 ===
"About:" undefined undefined 

=INFO REPORT==== 1-Apr-2011::11:36:55 ===
"Response JSON:" [123,34,<<"commands">>,34,58,91,123,34,<<"type">>,34,58,34,
                  <<"login">>,34,125,93,125] 

=INFO REPORT==== 1-Apr-2011::11:36:55 ===
"**AccountId:" undefined 

=INFO REPORT==== 1-Apr-2011::11:36:55 ===
"**Format:" admin 

=INFO REPORT==== 1-Apr-2011::11:36:55 ===
"**Admin:" {account,0,undefined,"Admin",[],"admin@unison.com",true,undefined,
                    undefined,undefined,undefined,undefined,"admin",undefined,
                    undefined,undefined} 

=INFO REPORT==== 1-Apr-2011::11:36:55 ===
"**VideomailAuth:" undefined 

=INFO REPORT==== 1-Apr-2011::11:36:55 ===
"***Admin logged in" 

=INFO REPORT==== 1-Apr-2011::11:36:57 ===
"Request:" "{\"commands\":[{\"type\":\"select\",\"needTotalSize\":true,\"needFields\":true,\"fields\":[\"id\",\"name\",\"created\",\"active\"],\"page\":{\"index\":0,\"size\":20},\"orderBy\":[{\"field\":\"id\",\"order\":\"desc\"}]}]}" 

=INFO REPORT==== 1-Apr-2011::11:36:57 ===
"Request JSON:" {struct,
                    [{<<"commands">>,
                      [{struct,
                           [{<<"type">>,<<"select">>},
                            {<<"needTotalSize">>,true},
                            {<<"needFields">>,true},
                            {<<"fields">>,
                             [<<"id">>,<<"name">>,<<"created">>,<<"active">>]},
                            {<<"page">>,
                             {struct,[{<<"index">>,0},{<<"size">>,20}]}},
                            {<<"orderBy">>,
                             [{struct,
                                  [{<<"field">>,<<"id">>},
                                   {<<"order">>,<<"desc">>}]}]}]}]}]} 

=INFO REPORT==== 1-Apr-2011::11:36:57 ===
"Commands found:" [{struct,[{<<"type">>,<<"select">>},
                            {<<"needTotalSize">>,true},
                            {<<"needFields">>,true},
                            {<<"fields">>,
                             [<<"id">>,<<"name">>,<<"created">>,<<"active">>]},
                            {<<"page">>,
                             {struct,[{<<"index">>,0},{<<"size">>,20}]}},
                            {<<"orderBy">>,
                             [{struct,[{<<"field">>,<<"id">>},
                                       {<<"order">>,<<"desc">>}]}]}]}] 

=INFO REPORT==== 1-Apr-2011::11:36:57 ===
"**AccountId:" undefined 

=INFO REPORT==== 1-Apr-2011::11:36:57 ===
"**Format:" json 

=INFO REPORT==== 1-Apr-2011::11:36:57 ===
"**Admin:" {account,0,undefined,"Admin",[],"admin@unison.com",true,undefined,
                    undefined,undefined,undefined,undefined,"admin",undefined,
                    undefined,undefined} 

=INFO REPORT==== 1-Apr-2011::11:36:57 ===
"**VideomailAuth:" undefined 

=INFO REPORT==== 1-Apr-2011::11:36:57 ===
"JSON Format" 

=INFO REPORT==== 1-Apr-2011::11:36:57 ===
"OK; JSON login; Being on path:" "json/organization" 

=INFO REPORT==== 1-Apr-2011::11:36:57 ===
"Action executed:" {controller_organization,select} 

=INFO REPORT==== 1-Apr-2011::11:36:57 ===
"MDEBUG: db:select -> :" organization 

=INFO REPORT==== 1-Apr-2011::11:36:57 ===
"MDEBUG: db:select FFFOOO -> :" undefined [{struct,
                                            [{<<"field">>,<<"id">>},
                                             {<<"order">>,<<"desc">>}]}] 

=INFO REPORT==== 1-Apr-2011::11:36:57 ===
"MDEBUG: db:select Table-> :" "qlc:sort(mnesia:table(organization),[{order,fun (A,B)->element(2,A)>element(2,B) end}])" 

=INFO REPORT==== 1-Apr-2011::11:36:57 ===
"MDEBUG: db:select Filter-> :" [] 

=INFO REPORT==== 1-Apr-2011::11:36:57 ===
"TotalRows:" 2 

=INFO REPORT==== 1-Apr-2011::11:36:57 ===
"PageInfo:" {struct,[{<<"index">>,0},{<<"size">>,20}]} 

=INFO REPORT==== 1-Apr-2011::11:36:57 ===
"Page:" 0 

=INFO REPORT==== 1-Apr-2011::11:36:57 ===
"CCRD Data:" [{<<"data">>,
               [{struct,[{<<"id">>,11},
                         {<<"name">>,<<"SuperOrg2">>},
                         {<<"created">>,<<"2011-03-30 19:05:34">>},
                         {<<"active">>,<<"Y">>}]},
                {struct,[{<<"id">>,10},
                         {<<"name">>,<<"SuperOrg1">>},
                         {<<"created">>,<<"2011-03-30 17:19:14">>},
                         {<<"active">>,<<"Y">>}]}]},
              {<<"page">>,{struct,[{<<"index">>,0},{<<"size">>,20}]}}] 

=INFO REPORT==== 1-Apr-2011::11:36:57 ===
"CCRD CT:" {struct,[{<<"type">>,<<"select">>},
                    {<<"needTotalSize">>,true},
                    {<<"needFields">>,true},
                    {<<"fields">>,
                     [<<"id">>,<<"name">>,<<"created">>,<<"active">>]},
                    {<<"page">>,{struct,[{<<"index">>,0},{<<"size">>,20}]}},
                    {<<"orderBy">>,
                     [{struct,[{<<"field">>,<<"id">>},
                               {<<"order">>,<<"desc">>}]}]}]} true 

=INFO REPORT==== 1-Apr-2011::11:36:57 ===
"CCRD WFT:" organization 

=INFO REPORT==== 1-Apr-2011::11:36:57 ===
"CCRD WF1:" [{<<"data">>,
              [{struct,[{<<"id">>,11},
                        {<<"name">>,<<"SuperOrg2">>},
                        {<<"created">>,<<"2011-03-30 19:05:34">>},
                        {<<"active">>,<<"Y">>}]},
               {struct,[{<<"id">>,10},
                        {<<"name">>,<<"SuperOrg1">>},
                        {<<"created">>,<<"2011-03-30 17:19:14">>},
                        {<<"active">>,<<"Y">>}]}]},
             {<<"page">>,{struct,[{<<"index">>,0},{<<"size">>,20}]}},
             {<<"fields">>,
              [{struct,[{<<"name">>,<<"id">>},
                        {<<"type">>,<<"integer">>},
                        {<<"constraints">>,[]},
                        {<<"primary">>,true}]},
               {struct,[{<<"name">>,<<"name">>},
                        {<<"type">>,<<"string">>},
                        {<<"constraints">>,
                         [{struct,[{<<"method">>,<<"max_length">>},
                                   {<<"data">>,256}]},
                          {struct,[{<<"method">>,<<"min_length">>},
                                   {<<"data">>,1}]}]}]},
               {struct,[{<<"name">>,<<"reseller_id">>},
                        {<<"type">>,<<"integer">>},
                        {<<"constraints">>,[]}]},
               {struct,[{<<"name">>,<<"active">>},
                        {<<"type">>,<<"string">>},
                        {<<"constraints">>,[]}]},
               {struct,[{<<"name">>,<<"created">>},
                        {<<"type">>,<<"datetime">>},
                        {<<"constraints">>,
                         [{struct,[{<<"method">>,<<"format">>},
                                   {<<"data">>,
                                    <<"YYYY-MM-DD HH:NN:SS">>}]}]}]}]}] 

=INFO REPORT==== 1-Apr-2011::11:36:57 ===
"CCRD WF2:" [{<<"data">>,
              [{struct,[{<<"id">>,11},
                        {<<"name">>,<<"SuperOrg2">>},
                        {<<"created">>,<<"2011-03-30 19:05:34">>},
                        {<<"active">>,<<"Y">>}]},
               {struct,[{<<"id">>,10},
                        {<<"name">>,<<"SuperOrg1">>},
                        {<<"created">>,<<"2011-03-30 17:19:14">>},
                        {<<"active">>,<<"Y">>}]}]},
             {<<"page">>,{struct,[{<<"index">>,0},{<<"size">>,20}]}},
             {<<"fields">>,
              [{struct,[{<<"name">>,<<"id">>},
                        {<<"type">>,<<"integer">>},
                        {<<"constraints">>,[]},
                        {<<"primary">>,true}]},
               {struct,[{<<"name">>,<<"name">>},
                        {<<"type">>,<<"string">>},
                        {<<"constraints">>,
                         [{struct,[{<<"method">>,<<"max_length">>},
                                   {<<"data">>,256}]},
                          {struct,[{<<"method">>,<<"min_length">>},
                                   {<<"data">>,1}]}]}]},
               {struct,[{<<"name">>,<<"reseller_id">>},
                        {<<"type">>,<<"integer">>},
                        {<<"constraints">>,[]}]},
               {struct,[{<<"name">>,<<"active">>},
                        {<<"type">>,<<"string">>},
                        {<<"constraints">>,[]}]},
               {struct,[{<<"name">>,<<"created">>},
                        {<<"type">>,<<"datetime">>},
                        {<<"constraints">>,
                         [{struct,[{<<"method">>,<<"format">>},
                                   {<<"data">>,
                                    <<"YYYY-MM-DD HH:NN:SS">>}]}]}]}]},
             {<<"totalSize">>,2}] 

=INFO REPORT==== 1-Apr-2011::11:36:57 ===
"Response JSON:" [123,34,<<"commands">>,34,58,91,123,34,<<"type">>,34,58,34,
                  <<"select">>,34,44,34,<<"data">>,34,58,91,123,34,<<"id">>,
                  34,58,49,49,44,34,<<"name">>,34,58,34,<<"SuperOrg2">>,34,44,
                  34,<<"created">>,34,58,34,<<"2011-03-30 19:05:34">>,34,44,
                  34,<<"active">>,34,58,34,<<"Y">>,34,125,44,123,34,<<"id">>,
                  34,58,49,48,44,34,<<"name">>,34,58,34,<<"SuperOrg1">>,34,44,
                  34,<<"created">>,34,58,34,<<"2011-03-30 17:19:14">>,34,44,
                  34,<<"active">>,34,58,34,<<"Y">>,34,125,93,44,34,<<"page">>,
                  34,58,123,34,<<"index">>,34,58,48,44,34,<<"size">>,34,58,50,
                  48,125,44,34,<<"fields">>,34,58,91,123,34,<<"name">>,34,58,
                  34,<<"id">>,34,44,34,<<"type">>,34,58,34,<<"integer">>,34,
                  44,34,<<"constraints">>,34,58,<<"[]">>,44,34,<<"primary">>,
                  34,58,<<"true">>,125,44,123,34,<<"name">>,34,58,34,
                  <<"name">>,34,44,34,<<"type">>,34,58,34,<<"string">>,34,44,
                  34,<<"constraints">>,34,58,91,123,34,<<"method">>,34,58,34,
                  <<"max_length">>,34,44,34,<<"data">>,34,58,50,53,54,125,44,
                  123,34,<<"method">>,34,58,34,<<"min_length">>,34,44,34,
                  <<"data">>,34,58,49,125,93,125,44,123,34,<<"name">>,34,58,
                  34,<<"reseller_id">>,34,44,34,<<"type">>,34,58,34,
                  <<"integer">>,34,44,34,<<"constraints">>,34,58,<<"[]">>,125,
                  44,123,34,<<"name">>,34,58,34,<<"active">>,34,44,34,
                  <<"type">>,34,58,34,<<"string">>,34,44,34,<<"constraints">>,
                  34,58,<<"[]">>,125,44,123,34,<<"name">>,34,58,34,
                  <<"created">>,34,44,34,<<"type">>,34,58,34,<<"datetime">>,
                  34,44,34,<<"constraints">>,34,58,91,123,34,<<"method">>,34,
                  58,34,<<"format">>,34,44,34,<<"data">>,34,58,34,
                  <<"YYYY-MM-DD HH:NN:SS">>,34,125,93,125,93,44,34,
                  <<"totalSize">>,34,58,50,125,93,125] 

=INFO REPORT==== 1-Apr-2011::11:37:08 ===
"**AccountId:" undefined 

=INFO REPORT==== 1-Apr-2011::11:37:08 ===
"**Format:" admin 

=INFO REPORT==== 1-Apr-2011::11:37:08 ===
"**Admin:" {account,0,undefined,"Admin",[],"admin@unison.com",true,undefined,
                    undefined,undefined,undefined,undefined,"admin",undefined,
                    undefined,undefined} 

=INFO REPORT==== 1-Apr-2011::11:37:08 ===
"**VideomailAuth:" undefined 

=INFO REPORT==== 1-Apr-2011::11:37:08 ===
"***Admin logged in" 

=INFO REPORT==== 1-Apr-2011::11:37:09 ===
"Request:" "{\"commands\":[{\"type\":\"select\",\"needTotalSize\":true,\"needFields\":true,\"fields\":[\"id\",\"name\"]}]}" 

=INFO REPORT==== 1-Apr-2011::11:37:09 ===
"Request JSON:" {struct,[{<<"commands">>,
                          [{struct,[{<<"type">>,<<"select">>},
                                    {<<"needTotalSize">>,true},
                                    {<<"needFields">>,true},
                                    {<<"fields">>,[<<"id">>,<<"name">>]}]}]}]} 

=INFO REPORT==== 1-Apr-2011::11:37:09 ===
"Commands found:" [{struct,[{<<"type">>,<<"select">>},
                            {<<"needTotalSize">>,true},
                            {<<"needFields">>,true},
                            {<<"fields">>,[<<"id">>,<<"name">>]}]}] 

=INFO REPORT==== 1-Apr-2011::11:37:09 ===
"**AccountId:" undefined 

=INFO REPORT==== 1-Apr-2011::11:37:09 ===
"**Format:" json 

=INFO REPORT==== 1-Apr-2011::11:37:09 ===
"**Admin:" {account,0,undefined,"Admin",[],"admin@unison.com",true,undefined,
                    undefined,undefined,undefined,undefined,"admin",undefined,
                    undefined,undefined} 

=INFO REPORT==== 1-Apr-2011::11:37:09 ===
"**VideomailAuth:" undefined 

=INFO REPORT==== 1-Apr-2011::11:37:09 ===
"JSON Format" 

=INFO REPORT==== 1-Apr-2011::11:37:09 ===
"OK; JSON login; Being on path:" "json/organization" 

=INFO REPORT==== 1-Apr-2011::11:37:09 ===
"Action executed:" {controller_organization,select} 

=INFO REPORT==== 1-Apr-2011::11:37:09 ===
"MDEBUG: db:select -> :" organization 

=INFO REPORT==== 1-Apr-2011::11:37:09 ===
"MDEBUG: db:select FFFOOO -> :" undefined undefined 

=INFO REPORT==== 1-Apr-2011::11:37:09 ===
"MDEBUG: db:select Table-> :" "mnesia:table(organization)" 

=INFO REPORT==== 1-Apr-2011::11:37:09 ===
"MDEBUG: db:select Filter-> :" [] 

=INFO REPORT==== 1-Apr-2011::11:37:09 ===
"Request:" "{\"commands\":[{\"type\":\"select\",\"needTotalSize\":true,\"needFields\":true,\"fields\":[\"id\",\"name\"]}]}" 

=INFO REPORT==== 1-Apr-2011::11:37:09 ===
"Request JSON:" {struct,[{<<"commands">>,
                          [{struct,[{<<"type">>,<<"select">>},
                                    {<<"needTotalSize">>,true},
                                    {<<"needFields">>,true},
                                    {<<"fields">>,[<<"id">>,<<"name">>]}]}]}]} 

=INFO REPORT==== 1-Apr-2011::11:37:09 ===
"Commands found:" [{struct,[{<<"type">>,<<"select">>},
                            {<<"needTotalSize">>,true},
                            {<<"needFields">>,true},
                            {<<"fields">>,[<<"id">>,<<"name">>]}]}] 

=INFO REPORT==== 1-Apr-2011::11:37:09 ===
"**AccountId:" undefined 

=INFO REPORT==== 1-Apr-2011::11:37:09 ===
"**Format:" json 

=INFO REPORT==== 1-Apr-2011::11:37:09 ===
"**Admin:" {account,0,undefined,"Admin",[],"admin@unison.com",true,undefined,
                    undefined,undefined,undefined,undefined,"admin",undefined,
                    undefined,undefined} 

=INFO REPORT==== 1-Apr-2011::11:37:09 ===
"**VideomailAuth:" undefined 

=INFO REPORT==== 1-Apr-2011::11:37:09 ===
"JSON Format" 

=INFO REPORT==== 1-Apr-2011::11:37:09 ===
"OK; JSON login; Being on path:" "json/reseller" 

=INFO REPORT==== 1-Apr-2011::11:37:09 ===
"Action executed:" {controller_reseller,select} 

=INFO REPORT==== 1-Apr-2011::11:37:09 ===
"MDEBUG: db:select -> :" reseller 

=INFO REPORT==== 1-Apr-2011::11:37:09 ===
"MDEBUG: db:select FFFOOO -> :" undefined undefined 

=INFO REPORT==== 1-Apr-2011::11:37:09 ===
"MDEBUG: db:select Table-> :" "mnesia:table(reseller)" 

=INFO REPORT==== 1-Apr-2011::11:37:09 ===
"MDEBUG: db:select Filter-> :" [] 

=INFO REPORT==== 1-Apr-2011::11:37:09 ===
"TotalRows:" 2 

=INFO REPORT==== 1-Apr-2011::11:37:09 ===
"CCRD Data:" [{<<"data">>,
               [{struct,[{<<"id">>,11},{<<"name">>,<<"SuperOrg2">>}]},
                {struct,[{<<"id">>,10},{<<"name">>,<<"SuperOrg1">>}]}]}] 

=INFO REPORT==== 1-Apr-2011::11:37:09 ===
"CCRD CT:" {struct,[{<<"type">>,<<"select">>},
                    {<<"needTotalSize">>,true},
                    {<<"needFields">>,true},
                    {<<"fields">>,[<<"id">>,<<"name">>]}]} true 

=INFO REPORT==== 1-Apr-2011::11:37:09 ===
"CCRD WFT:" organization 

=INFO REPORT==== 1-Apr-2011::11:37:09 ===
"CCRD WF1:" [{<<"data">>,
              [{struct,[{<<"id">>,11},{<<"name">>,<<"SuperOrg2">>}]},
               {struct,[{<<"id">>,10},{<<"name">>,<<"SuperOrg1">>}]}]},
             {<<"fields">>,
              [{struct,[{<<"name">>,<<"id">>},
                        {<<"type">>,<<"integer">>},
                        {<<"constraints">>,[]},
                        {<<"primary">>,true}]},
               {struct,[{<<"name">>,<<"name">>},
                        {<<"type">>,<<"string">>},
                        {<<"constraints">>,
                         [{struct,[{<<"method">>,<<"max_length">>},
                                   {<<"data">>,256}]},
                          {struct,[{<<"method">>,<<"min_length">>},
                                   {<<"data">>,1}]}]}]},
               {struct,[{<<"name">>,<<"reseller_id">>},
                        {<<"type">>,<<"integer">>},
                        {<<"constraints">>,[]}]},
               {struct,[{<<"name">>,<<"active">>},
                        {<<"type">>,<<"string">>},
                        {<<"constraints">>,[]}]},
               {struct,[{<<"name">>,<<"created">>},
                        {<<"type">>,<<"datetime">>},
                        {<<"constraints">>,
                         [{struct,[{<<"method">>,<<"format">>},
                                   {<<"data">>,
                                    <<"YYYY-MM-DD HH:NN:SS">>}]}]}]}]}] 

=INFO REPORT==== 1-Apr-2011::11:37:09 ===
"CCRD WF2:" [{<<"data">>,
              [{struct,[{<<"id">>,11},{<<"name">>,<<"SuperOrg2">>}]},
               {struct,[{<<"id">>,10},{<<"name">>,<<"SuperOrg1">>}]}]},
             {<<"fields">>,
              [{struct,[{<<"name">>,<<"id">>},
                        {<<"type">>,<<"integer">>},
                        {<<"constraints">>,[]},
                        {<<"primary">>,true}]},
               {struct,[{<<"name">>,<<"name">>},
                        {<<"type">>,<<"string">>},
                        {<<"constraints">>,
                         [{struct,[{<<"method">>,<<"max_length">>},
                                   {<<"data">>,256}]},
                          {struct,[{<<"method">>,<<"min_length">>},
                                   {<<"data">>,1}]}]}]},
               {struct,[{<<"name">>,<<"reseller_id">>},
                        {<<"type">>,<<"integer">>},
                        {<<"constraints">>,[]}]},
               {struct,[{<<"name">>,<<"active">>},
                        {<<"type">>,<<"string">>},
                        {<<"constraints">>,[]}]},
               {struct,[{<<"name">>,<<"created">>},
                        {<<"type">>,<<"datetime">>},
                        {<<"constraints">>,
                         [{struct,[{<<"method">>,<<"format">>},
                                   {<<"data">>,
                                    <<"YYYY-MM-DD HH:NN:SS">>}]}]}]}]},
             {<<"totalSize">>,2}] 

=INFO REPORT==== 1-Apr-2011::11:37:09 ===
"Response JSON:" [123,34,<<"commands">>,34,58,91,123,34,<<"type">>,34,58,34,
                  <<"select">>,34,44,34,<<"data">>,34,58,91,123,34,<<"id">>,
                  34,58,49,49,44,34,<<"name">>,34,58,34,<<"SuperOrg2">>,34,
                  125,44,123,34,<<"id">>,34,58,49,48,44,34,<<"name">>,34,58,
                  34,<<"SuperOrg1">>,34,125,93,44,34,<<"fields">>,34,58,91,
                  123,34,<<"name">>,34,58,34,<<"id">>,34,44,34,<<"type">>,34,
                  58,34,<<"integer">>,34,44,34,<<"constraints">>,34,58,
                  <<"[]">>,44,34,<<"primary">>,34,58,<<"true">>,125,44,123,34,
                  <<"name">>,34,58,34,<<"name">>,34,44,34,<<"type">>,34,58,34,
                  <<"string">>,34,44,34,<<"constraints">>,34,58,91,123,34,
                  <<"method">>,34,58,34,<<"max_length">>,34,44,34,<<"data">>,
                  34,58,50,53,54,125,44,123,34,<<"method">>,34,58,34,
                  <<"min_length">>,34,44,34,<<"data">>,34,58,49,125,93,125,44,
                  123,34,<<"name">>,34,58,34,<<"reseller_id">>,34,44,34,
                  <<"type">>,34,58,34,<<"integer">>,34,44,34,
                  <<"constraints">>,34,58,<<"[]">>,125,44,123,34,<<"name">>,
                  34,58,34,<<"active">>,34,44,34,<<"type">>,34,58,34,
                  <<"string">>,34,44,34,<<"constraints">>,34,58,<<"[]">>,125,
                  44,123,34,<<"name">>,34,58,34,<<"created">>,34,44,34,
                  <<"type">>,34,58,34,<<"datetime">>,34,44,34,
                  <<"constraints">>,34,58,91,123,34,<<"method">>,34,58,34,
                  <<"format">>,34,44,34,<<"data">>,34,58,34,
                  <<"YYYY-MM-DD HH:NN:SS">>,34,125,93,125,93,44,34,
                  <<"totalSize">>,34,58,50,125,93,125] 

=INFO REPORT==== 1-Apr-2011::11:37:09 ===
"TotalRows:" 2 

=INFO REPORT==== 1-Apr-2011::11:37:09 ===
"CCRD Data:" [{<<"data">>,
               [{struct,[{<<"id">>,1},{<<"name">>,<<"super reseller">>}]},
                {struct,[{<<"id">>,3},{<<"name">>,<<"super reseller2">>}]}]}] 

=INFO REPORT==== 1-Apr-2011::11:37:09 ===
"CCRD CT:" {struct,[{<<"type">>,<<"select">>},
                    {<<"needTotalSize">>,true},
                    {<<"needFields">>,true},
                    {<<"fields">>,[<<"id">>,<<"name">>]}]} true 

=INFO REPORT==== 1-Apr-2011::11:37:09 ===
"CCRD WFT:" reseller 

=INFO REPORT==== 1-Apr-2011::11:37:09 ===
"CCRD WF1:" [{<<"data">>,
              [{struct,[{<<"id">>,1},{<<"name">>,<<"super reseller">>}]},
               {struct,[{<<"id">>,3},{<<"name">>,<<"super reseller2">>}]}]},
             {<<"fields">>,
              [{struct,[{<<"name">>,<<"id">>},
                        {<<"type">>,<<"integer">>},
                        {<<"constraints">>,[]},
                        {<<"primary">>,true}]},
               {struct,[{<<"name">>,<<"name">>},
                        {<<"type">>,<<"string">>},
                        {<<"constraints">>,
                         [{struct,[{<<"method">>,<<"max_length">>},
                                   {<<"data">>,256}]},
                          {struct,[{<<"method">>,<<"min_length">>},
                                   {<<"data">>,1}]}]}]},
               {struct,[{<<"name">>,<<"password">>},
                        {<<"type">>,<<"string">>},
                        {<<"constraints">>,
                         [{struct,[{<<"method">>,<<"max_length">>},
                                   {<<"data">>,20}]}]}]},
               {struct,[{<<"name">>,<<"email">>},
                        {<<"type">>,<<"string">>},
                        {<<"constraints">>,
                         [{struct,[{<<"method">>,<<"regexp">>},
                                   {<<"data">>,
                                    <<"[a-zA-Z0-9._%+-]+@[a-zA-Z0-9.-]+.[a-zA-Z]{2,}">>}]},
                          {struct,[{<<"method">>,<<"max_length">>},
                                   {<<"data">>,50}]}]}]},
               {struct,[{<<"name">>,<<"active">>},
                        {<<"type">>,<<"string">>},
                        {<<"constraints">>,[]}]},
               {struct,[{<<"name">>,<<"info">>},
                        {<<"type">>,<<"string">>},
                        {<<"constraints">>,
                         [{struct,[{<<"method">>,<<"max_length">>},
                                   {<<"data">>,1024}]}]}]},
               {struct,[{<<"name">>,<<"created">>},
                        {<<"type">>,<<"datetime">>},
                        {<<"constraints">>,
                         [{struct,[{<<"method">>,<<"format">>},
                                   {<<"data">>,
                                    <<"YYYY-MM-DD HH:NN:SS">>}]}]}]}]}] 

=INFO REPORT==== 1-Apr-2011::11:37:09 ===
"CCRD WF2:" [{<<"data">>,
              [{struct,[{<<"id">>,1},{<<"name">>,<<"super reseller">>}]},
               {struct,[{<<"id">>,3},{<<"name">>,<<"super reseller2">>}]}]},
             {<<"fields">>,
              [{struct,[{<<"name">>,<<"id">>},
                        {<<"type">>,<<"integer">>},
                        {<<"constraints">>,[]},
                        {<<"primary">>,true}]},
               {struct,[{<<"name">>,<<"name">>},
                        {<<"type">>,<<"string">>},
                        {<<"constraints">>,
                         [{struct,[{<<"method">>,<<"max_length">>},
                                   {<<"data">>,256}]},
                          {struct,[{<<"method">>,<<"min_length">>},
                                   {<<"data">>,1}]}]}]},
               {struct,[{<<"name">>,<<"password">>},
                        {<<"type">>,<<"string">>},
                        {<<"constraints">>,
                         [{struct,[{<<"method">>,<<"max_length">>},
                                   {<<"data">>,20}]}]}]},
               {struct,[{<<"name">>,<<"email">>},
                        {<<"type">>,<<"string">>},
                        {<<"constraints">>,
                         [{struct,[{<<"method">>,<<"regexp">>},
                                   {<<"data">>,
                                    <<"[a-zA-Z0-9._%+-]+@[a-zA-Z0-9.-]+.[a-zA-Z]{2,}">>}]},
                          {struct,[{<<"method">>,<<"max_length">>},
                                   {<<"data">>,50}]}]}]},
               {struct,[{<<"name">>,<<"active">>},
                        {<<"type">>,<<"string">>},
                        {<<"constraints">>,[]}]},
               {struct,[{<<"name">>,<<"info">>},
                        {<<"type">>,<<"string">>},
                        {<<"constraints">>,
                         [{struct,[{<<"method">>,<<"max_length">>},
                                   {<<"data">>,1024}]}]}]},
               {struct,[{<<"name">>,<<"created">>},
                        {<<"type">>,<<"datetime">>},
                        {<<"constraints">>,
                         [{struct,[{<<"method">>,<<"format">>},
                                   {<<"data">>,
                                    <<"YYYY-MM-DD HH:NN:SS">>}]}]}]}]},
             {<<"totalSize">>,2}] 

=INFO REPORT==== 1-Apr-2011::11:37:09 ===
"Response JSON:" [123,34,<<"commands">>,34,58,91,123,34,<<"type">>,34,58,34,
                  <<"select">>,34,44,34,<<"data">>,34,58,91,123,34,<<"id">>,
                  34,58,49,44,34,<<"name">>,34,58,34,<<"super reseller">>,34,
                  125,44,123,34,<<"id">>,34,58,51,44,34,<<"name">>,34,58,34,
                  <<"super reseller2">>,34,125,93,44,34,<<"fields">>,34,58,91,
                  123,34,<<"name">>,34,58,34,<<"id">>,34,44,34,<<"type">>,34,
                  58,34,<<"integer">>,34,44,34,<<"constraints">>,34,58,
                  <<"[]">>,44,34,<<"primary">>,34,58,<<"true">>,125,44,123,34,
                  <<"name">>,34,58,34,<<"name">>,34,44,34,<<"type">>,34,58,34,
                  <<"string">>,34,44,34,<<"constraints">>,34,58,91,123,34,
                  <<"method">>,34,58,34,<<"max_length">>,34,44,34,<<"data">>,
                  34,58,50,53,54,125,44,123,34,<<"method">>,34,58,34,
                  <<"min_length">>,34,44,34,<<"data">>,34,58,49,125,93,125,44,
                  123,34,<<"name">>,34,58,34,<<"password">>,34,44,34,
                  <<"type">>,34,58,34,<<"string">>,34,44,34,<<"constraints">>,
                  34,58,91,123,34,<<"method">>,34,58,34,<<"max_length">>,34,
                  44,34,<<"data">>,34,58,50,48,125,93,125,44,123,34,
                  <<"name">>,34,58,34,<<"email">>,34,44,34,<<"type">>,34,58,
                  34,<<"string">>,34,44,34,<<"constraints">>,34,58,91,123,34,
                  <<"method">>,34,58,34,<<"regexp">>,34,44,34,<<"data">>,34,
                  58,34,<<"[a-zA-Z0-9._%+-]+@[a-zA-Z0-9.-]+.[a-zA-Z]{2,}">>,
                  34,125,44,123,34,<<"method">>,34,58,34,<<"max_length">>,34,
                  44,34,<<"data">>,34,58,53,48,125,93,125,44,123,34,
                  <<"name">>,34,58,34,<<"active">>,34,44,34,<<"type">>,34,58,
                  34,<<"string">>,34,44,34,<<"constraints">>,34,58,<<"[]">>,
                  125,44,123,34,<<"name">>,34,58,34,<<"info">>,34,44,34,
                  <<"type">>,34,58,34,<<"string">>,34,44,34,<<"constraints">>,
                  34,58,91,123,34,<<"method">>,34,58,34,<<"max_length">>,34,
                  44,34,<<"data">>,34,58,49,48,50,52,125,93,125,44,123,34,
                  <<"name">>,34,58,34,<<"created">>,34,44,34,<<"type">>,34,58,
                  34,<<"datetime">>,34,44,34,<<"constraints">>,34,58,91,123,
                  34,<<"method">>,34,58,34,<<"format">>,34,44,34,<<"data">>,
                  34,58,34,<<"YYYY-MM-DD HH:NN:SS">>,34,125,93,125,93,44,34,
                  <<"totalSize">>,34,58,50,125,93,125] 

=INFO REPORT==== 1-Apr-2011::11:37:09 ===
"Request:" "{\"commands\":[{\"type\":\"select\",\"needTotalSize\":true,\"needFields\":true,\"fields\":[\"id\",\"name\",\"reseller_id\",\"organization_id\",\"email\",\"info\",\"password\",\"created\",\"active\"],\"page\":{\"index\":0,\"size\":20},\"orderBy\":[{\"field\":\"id\",\"order\":\"desc\"}]}]}" 

=INFO REPORT==== 1-Apr-2011::11:37:09 ===
"Request JSON:" {struct,
                    [{<<"commands">>,
                      [{struct,
                           [{<<"type">>,<<"select">>},
                            {<<"needTotalSize">>,true},
                            {<<"needFields">>,true},
                            {<<"fields">>,
                             [<<"id">>,<<"name">>,<<"reseller_id">>,
                              <<"organization_id">>,<<"email">>,<<"info">>,
                              <<"password">>,<<"created">>,<<"active">>]},
                            {<<"page">>,
                             {struct,[{<<"index">>,0},{<<"size">>,20}]}},
                            {<<"orderBy">>,
                             [{struct,
                                  [{<<"field">>,<<"id">>},
                                   {<<"order">>,<<"desc">>}]}]}]}]}]} 

=INFO REPORT==== 1-Apr-2011::11:37:09 ===
"Commands found:" [{struct,[{<<"type">>,<<"select">>},
                            {<<"needTotalSize">>,true},
                            {<<"needFields">>,true},
                            {<<"fields">>,
                             [<<"id">>,<<"name">>,<<"reseller_id">>,
                              <<"organization_id">>,<<"email">>,<<"info">>,
                              <<"password">>,<<"created">>,<<"active">>]},
                            {<<"page">>,
                             {struct,[{<<"index">>,0},{<<"size">>,20}]}},
                            {<<"orderBy">>,
                             [{struct,[{<<"field">>,<<"id">>},
                                       {<<"order">>,<<"desc">>}]}]}]}] 

=INFO REPORT==== 1-Apr-2011::11:37:09 ===
"**AccountId:" undefined 

=INFO REPORT==== 1-Apr-2011::11:37:09 ===
"**Format:" json 

=INFO REPORT==== 1-Apr-2011::11:37:09 ===
"**Admin:" {account,0,undefined,"Admin",[],"admin@unison.com",true,undefined,
                    undefined,undefined,undefined,undefined,"admin",undefined,
                    undefined,undefined} 

=INFO REPORT==== 1-Apr-2011::11:37:09 ===
"**VideomailAuth:" undefined 

=INFO REPORT==== 1-Apr-2011::11:37:09 ===
"JSON Format" 

=INFO REPORT==== 1-Apr-2011::11:37:09 ===
"OK; JSON login; Being on path:" "json/orgadmin" 

=INFO REPORT==== 1-Apr-2011::11:37:09 ===
"Action executed:" {controller_orgadmin,select} 

=INFO REPORT==== 1-Apr-2011::11:37:09 ===
"MDEBUG: db:select -> :" orgadmin 

=INFO REPORT==== 1-Apr-2011::11:37:09 ===
"MDEBUG: db:select FFFOOO -> :" undefined [{struct,
                                            [{<<"field">>,<<"id">>},
                                             {<<"order">>,<<"desc">>}]}] 

=INFO REPORT==== 1-Apr-2011::11:37:09 ===
"MDEBUG: db:select Table-> :" "qlc:sort(mnesia:table(orgadmin),[{order,fun (A,B)->element(2,A)>element(2,B) end}])" 

=INFO REPORT==== 1-Apr-2011::11:37:09 ===
"MDEBUG: db:select Filter-> :" [] 

=INFO REPORT==== 1-Apr-2011::11:37:09 ===
"TotalRows:" 1 

=INFO REPORT==== 1-Apr-2011::11:37:09 ===
"PageInfo:" {struct,[{<<"index">>,0},{<<"size">>,20}]} 

=INFO REPORT==== 1-Apr-2011::11:37:09 ===
"Page:" 0 

=INFO REPORT==== 1-Apr-2011::11:37:09 ===
"CCRD Data:" [{<<"data">>,
               [{struct,[{<<"id">>,1},
                         {<<"name">>,<<"lallaa">>},
                         {<<"reseller_id">>,3},
                         {<<"organization_id">>,11},
                         {<<"email">>,<<"res@gmail.com">>},
                         {<<"info">>,<<"cxvcxvxcvxc\ngfghfgfegdfgdg">>},
                         {<<"password">>,<<"undefined">>},
                         {<<"created">>,<<"2011-03-30 21:26:39">>},
                         {<<"active">>,<<"Y">>}]}]},
              {<<"page">>,{struct,[{<<"index">>,0},{<<"size">>,20}]}}] 

=INFO REPORT==== 1-Apr-2011::11:37:09 ===
"CCRD CT:" {struct,[{<<"type">>,<<"select">>},
                    {<<"needTotalSize">>,true},
                    {<<"needFields">>,true},
                    {<<"fields">>,
                     [<<"id">>,<<"name">>,<<"reseller_id">>,
                      <<"organization_id">>,<<"email">>,<<"info">>,
                      <<"password">>,<<"created">>,<<"active">>]},
                    {<<"page">>,{struct,[{<<"index">>,0},{<<"size">>,20}]}},
                    {<<"orderBy">>,
                     [{struct,[{<<"field">>,<<"id">>},
                               {<<"order">>,<<"desc">>}]}]}]} true 

=INFO REPORT==== 1-Apr-2011::11:37:09 ===
"CCRD WFT:" orgadmin 

=INFO REPORT==== 1-Apr-2011::11:37:09 ===
"CCRD WF1:" [{<<"data">>,
              [{struct,[{<<"id">>,1},
                        {<<"name">>,<<"lallaa">>},
                        {<<"reseller_id">>,3},
                        {<<"organization_id">>,11},
                        {<<"email">>,<<"res@gmail.com">>},
                        {<<"info">>,<<"cxvcxvxcvxc\ngfghfgfegdfgdg">>},
                        {<<"password">>,<<"undefined">>},
                        {<<"created">>,<<"2011-03-30 21:26:39">>},
                        {<<"active">>,<<"Y">>}]}]},
             {<<"page">>,{struct,[{<<"index">>,0},{<<"size">>,20}]}},
             {<<"fields">>,
              [{struct,[{<<"name">>,<<"id">>},
                        {<<"type">>,<<"integer">>},
                        {<<"constraints">>,[]},
                        {<<"primary">>,true}]},
               {struct,[{<<"name">>,<<"organization_id">>},
                        {<<"type">>,<<"integer">>},
                        {<<"constraints">>,[]}]},
               {struct,[{<<"name">>,<<"reseller_id">>},
                        {<<"type">>,<<"integer">>},
                        {<<"constraints">>,[]}]},
               {struct,[{<<"name">>,<<"name">>},
                        {<<"type">>,<<"string">>},
                        {<<"constraints">>,
                         [{struct,[{<<"method">>,<<"max_length">>},
                                   {<<"data">>,256}]},
                          {struct,[{<<"method">>,<<"min_length">>},
                                   {<<"data">>,1}]}]}]},
               {struct,[{<<"name">>,<<"password">>},
                        {<<"type">>,<<"string">>},
                        {<<"constraints">>,
                         [{struct,[{<<"method">>,<<"max_length">>},
                                   {<<"data">>,20}]}]}]},
               {struct,[{<<"name">>,<<"email">>},
                        {<<"type">>,<<"string">>},
                        {<<"constraints">>,
                         [{struct,[{<<"method">>,<<"regexp">>},
                                   {<<"data">>,
                                    <<"[a-zA-Z0-9._%+-]+@[a-zA-Z0-9.-]+.[a-zA-Z]{2,}">>}]},
                          {struct,[{<<"method">>,<<"max_length">>},
                                   {<<"data">>,50}]}]}]},
               {struct,[{<<"name">>,<<"active">>},
                        {<<"type">>,<<"string">>},
                        {<<"constraints">>,[]}]},
               {struct,[{<<"name">>,<<"info">>},
                        {<<"type">>,<<"string">>},
                        {<<"constraints">>,
                         [{struct,[{<<"method">>,<<"max_length">>},
                                   {<<"data">>,1024}]}]}]},
               {struct,[{<<"name">>,<<"created">>},
                        {<<"type">>,<<"datetime">>},
                        {<<"constraints">>,
                         [{struct,[{<<"method">>,<<"format">>},
                                   {<<"data">>,
                                    <<"YYYY-MM-DD HH:NN:SS">>}]}]}]}]}] 

=INFO REPORT==== 1-Apr-2011::11:37:09 ===
"CCRD WF2:" [{<<"data">>,
              [{struct,[{<<"id">>,1},
                        {<<"name">>,<<"lallaa">>},
                        {<<"reseller_id">>,3},
                        {<<"organization_id">>,11},
                        {<<"email">>,<<"res@gmail.com">>},
                        {<<"info">>,<<"cxvcxvxcvxc\ngfghfgfegdfgdg">>},
                        {<<"password">>,<<"undefined">>},
                        {<<"created">>,<<"2011-03-30 21:26:39">>},
                        {<<"active">>,<<"Y">>}]}]},
             {<<"page">>,{struct,[{<<"index">>,0},{<<"size">>,20}]}},
             {<<"fields">>,
              [{struct,[{<<"name">>,<<"id">>},
                        {<<"type">>,<<"integer">>},
                        {<<"constraints">>,[]},
                        {<<"primary">>,true}]},
               {struct,[{<<"name">>,<<"organization_id">>},
                        {<<"type">>,<<"integer">>},
                        {<<"constraints">>,[]}]},
               {struct,[{<<"name">>,<<"reseller_id">>},
                        {<<"type">>,<<"integer">>},
                        {<<"constraints">>,[]}]},
               {struct,[{<<"name">>,<<"name">>},
                        {<<"type">>,<<"string">>},
                        {<<"constraints">>,
                         [{struct,[{<<"method">>,<<"max_length">>},
                                   {<<"data">>,256}]},
                          {struct,[{<<"method">>,<<"min_length">>},
                                   {<<"data">>,1}]}]}]},
               {struct,[{<<"name">>,<<"password">>},
                        {<<"type">>,<<"string">>},
                        {<<"constraints">>,
                         [{struct,[{<<"method">>,<<"max_length">>},
                                   {<<"data">>,20}]}]}]},
               {struct,[{<<"name">>,<<"email">>},
                        {<<"type">>,<<"string">>},
                        {<<"constraints">>,
                         [{struct,[{<<"method">>,<<"regexp">>},
                                   {<<"data">>,
                                    <<"[a-zA-Z0-9._%+-]+@[a-zA-Z0-9.-]+.[a-zA-Z]{2,}">>}]},
                          {struct,[{<<"method">>,<<"max_length">>},
                                   {<<"data">>,50}]}]}]},
               {struct,[{<<"name">>,<<"active">>},
                        {<<"type">>,<<"string">>},
                        {<<"constraints">>,[]}]},
               {struct,[{<<"name">>,<<"info">>},
                        {<<"type">>,<<"string">>},
                        {<<"constraints">>,
                         [{struct,[{<<"method">>,<<"max_length">>},
                                   {<<"data">>,1024}]}]}]},
               {struct,[{<<"name">>,<<"created">>},
                        {<<"type">>,<<"datetime">>},
                        {<<"constraints">>,
                         [{struct,[{<<"method">>,<<"format">>},
                                   {<<"data">>,
                                    <<"YYYY-MM-DD HH:NN:SS">>}]}]}]}]},
             {<<"totalSize">>,1}] 

=INFO REPORT==== 1-Apr-2011::11:37:09 ===
"Response JSON:" [123,34,<<"commands">>,34,58,91,123,34,<<"type">>,34,58,34,
                  <<"select">>,34,44,34,<<"data">>,34,58,91,123,34,<<"id">>,
                  34,58,49,44,34,<<"name">>,34,58,34,<<"lallaa">>,34,44,34,
                  <<"reseller_id">>,34,58,51,44,34,<<"organization_id">>,34,
                  58,49,49,44,34,<<"email">>,34,58,34,<<"res@gmail.com">>,34,
                  44,34,<<"info">>,34,58,34,99,120,118,99,120,118,120,99,118,
                  120,99,92,110,103,102,103,104,102,103,102,101,103,100,102,
                  103,100,103,34,44,34,<<"password">>,34,58,34,
                  <<"undefined">>,34,44,34,<<"created">>,34,58,34,
                  <<"2011-03-30 21:26:39">>,34,44,34,<<"active">>,34,58,34,
                  <<"Y">>,34,125,93,44,34,<<"page">>,34,58,123,34,<<"index">>,
                  34,58,48,44,34,<<"size">>,34,58,50,48,125,44,34,
                  <<"fields">>,34,58,91,123,34,<<"name">>,34,58,34,<<"id">>,
                  34,44,34,<<"type">>,34,58,34,<<"integer">>,34,44,34,
                  <<"constraints">>,34,58,<<"[]">>,44,34,<<"primary">>,34,58,
                  <<"true">>,125,44,123,34,<<"name">>,34,58,34,
                  <<"organization_id">>,34,44,34,<<"type">>,34,58,34,
                  <<"integer">>,34,44,34,<<"constraints">>,34,58,<<"[]">>,125,
                  44,123,34,<<"name">>,34,58,34,<<"reseller_id">>,34,44,34,
                  <<"type">>,34,58,34,<<"integer">>,34,44,34,
                  <<"constraints">>,34,58,<<"[]">>,125,44,123,34,<<"name">>,
                  34,58,34,<<"name">>,34,44,34,<<"type">>,34,58,34,
                  <<"string">>,34,44,34,<<"constraints">>,34,58,91,123,34,
                  <<"method">>,34,58,34,<<"max_length">>,34,44,34,<<"data">>,
                  34,58,50,53,54,125,44,123,34,<<"method">>,34,58,34,
                  <<"min_length">>,34,44,34,<<"data">>,34,58,49,125,93,125,44,
                  123,34,<<"name">>,34,58,34,<<"password">>,34,44,34,
                  <<"type">>,34,58,34,<<"string">>,34,44,34,<<"constraints">>,
                  34,58,91,123,34,<<"method">>,34,58,34,<<"max_length">>,34,
                  44,34,<<"data">>,34,58,50,48,125,93,125,44,123,34,
                  <<"name">>,34,58,34,<<"email">>,34,44,34,<<"type">>,34,58,
                  34,<<"string">>,34,44,34,<<"constraints">>,34,58,91,123,34,
                  <<"method">>,34,58,34,<<"regexp">>,34,44,34,<<"data">>,34,
                  58,34,<<"[a-zA-Z0-9._%+-]+@[a-zA-Z0-9.-]+.[a-zA-Z]{2,}">>,
                  34,125,44,123,34,<<"method">>,34,58,34,<<"max_length">>,34,
                  44,34,<<"data">>,34,58,53,48,125,93,125,44,123,34,
                  <<"name">>,34,58,34,<<"active">>,34,44,34,<<"type">>,34,58,
                  34,<<"string">>,34,44,34,<<"constraints">>,34,58,<<"[]">>,
                  125,44,123,34,<<"name">>,34,58,34,<<"info">>,34,44,34,
                  <<"type">>,34,58,34,<<"string">>,34,44,34,<<"constraints">>,
                  34,58,91,123,34,<<"method">>,34,58,34,<<"max_length">>,34,
                  44,34,<<"data">>,34,58,49,48,50,52,125,93,125,44,123,34,
                  <<"name">>,34,58,34,<<"created">>,34,44,34,<<"type">>,34,58,
                  34,<<"datetime">>,34,44,34,<<"constraints">>,34,58,91,123,
                  34,<<"method">>,34,58,34,<<"format">>,34,44,34,<<"data">>,
                  34,58,34,<<"YYYY-MM-DD HH:NN:SS">>,34,125,93,125,93,44,34,
                  <<"totalSize">>,34,58,49,125,93,125] 
